<?xml version="1.0" encoding="UTF-8"?>
<testng-results ignored="0" total="1" passed="1" failed="0" skipped="0">
  <reporter-output>
    <line>
      <![CDATA[Empty browser is launched]]>
    </line>
    <line>
      <![CDATA[browser is maximized]]>
    </line>
    <line>
      <![CDATA[searched product is displayed successfully]]>
    </line>
  </reporter-output>
  <suite started-at="2023-11-25T20:55:11 IST" name="Default suite" finished-at="2023-11-25T20:55:20 IST" duration-ms="9251">
    <groups>
    </groups>
    <test started-at="2023-11-25T20:55:11 IST" name="Default test" finished-at="2023-11-25T20:55:20 IST" duration-ms="9251">
      <class name="search.TC_001Test">
        <test-method is-config="true" signature="launchBrowser(java.lang.String)[pri:0, instance:search.TC_001Test@2fb3536e]" started-at="2023-11-25T20:55:12 IST" name="launchBrowser" finished-at="2023-11-25T20:55:16 IST" duration-ms="4280" status="PASS">
          <params>
            <param index="0">
              <value>
                <![CDATA[chrome]]>
              </value>
            </param>
          </params>
          <reporter-output>
            <line>
              <![CDATA[Empty browser is launched]]>
            </line>
            <line>
              <![CDATA[browser is maximized]]>
            </line>
          </reporter-output>
        </test-method> <!-- launchBrowser -->
        <test-method is-config="true" signature="login()[pri:0, instance:search.TC_001Test@2fb3536e]" started-at="2023-11-25T20:55:16 IST" name="login" depends-on-groups="launch" finished-at="2023-11-25T20:55:18 IST" duration-ms="1939" status="PASS">
          <reporter-output>
          </reporter-output>
        </test-method> <!-- login -->
        <test-method signature="addToTheProductToCart([Ljava.lang.String;)[pri:0, instance:search.TC_001Test@2fb3536e]" started-at="2023-11-25T20:55:18 IST" name="addToTheProductToCart" data-provider="TC_001" finished-at="2023-11-25T20:55:19 IST" duration-ms="1438" status="PASS">
          <params>
            <param index="0">
              <value>
                <![CDATA[[Ljava.lang.String;@42b28ff1]]>
              </value>
            </param>
          </params>
          <reporter-output>
            <line>
              <![CDATA[searched product is displayed successfully]]>
            </line>
          </reporter-output>
        </test-method> <!-- addToTheProductToCart -->
        <test-method is-config="true" signature="shot(org.testng.ITestResult)[pri:0, instance:search.TC_001Test@2fb3536e]" started-at="2023-11-25T20:55:19 IST" name="shot" finished-at="2023-11-25T20:55:19 IST" duration-ms="0" status="PASS">
          <params>
            <param index="0">
              <value>
                <![CDATA[[TestResult name=addToTheProductToCart status=SUCCESS method=TC_001Test.addToTheProductToCart([Ljava.lang.String;)[pri:0, instance:search.TC_001Test@2fb3536e] output=searched product is displayed successfully]]]>
              </value>
            </param>
          </params>
          <reporter-output>
          </reporter-output>
        </test-method> <!-- shot -->
        <test-method is-config="true" signature="logoutAndCloseTheBrowser()[pri:0, instance:search.TC_001Test@2fb3536e]" started-at="2023-11-25T20:55:19 IST" name="logoutAndCloseTheBrowser" depends-on-groups="shot" finished-at="2023-11-25T20:55:20 IST" duration-ms="980" status="PASS">
          <reporter-output>
          </reporter-output>
        </test-method> <!-- logoutAndCloseTheBrowser -->
      </class> <!-- search.TC_001Test -->
    </test> <!-- Default test -->
  </suite> <!-- Default suite -->
</testng-results>
